#
#model:
#
#<?xml version="1.0" encoding="UTF-8" standalone="no"?><input id="posterior" spec="beast.core.util.CompoundDistribution">
#    <distribution id="prior" spec="beast.core.util.CompoundDistribution">
#        <distribution id="YuleModel.t:calsim" spec="beast.evolution.speciation.YuleModel">
#            <parameter id="birthRate.t:calsim" name="birthDiffRate" spec="beast.core.parameter.RealParameter">1.0</parameter>
#            <tree id="Tree.t:calsim" spec="beast.evolution.tree.Tree">
#                <taxonset id="TaxonSet.calsim" spec="beast.evolution.alignment.TaxonSet">
#                </taxonset>
#            </tree>
#        </distribution>
#        <prior id="YuleBirthRatePrior.t:calsim" name="distribution" x="@birthRate.t:calsim">
#            <LogNormal id="LogNormalDistributionModel.2" name="distr">
#                <parameter estimate="false" id="RealParameter.17" name="M" spec="beast.core.parameter.RealParameter">1.0</parameter>
#                <parameter estimate="false" id="RealParameter.18" name="S" spec="beast.core.parameter.RealParameter">1.25</parameter>
#            </LogNormal>
#        </prior>
#        <prior id="FrequenciesPrior.s:calsim" name="distribution">
#            <parameter dimension="4" id="freqParameter.s:calsim" lower="0.0" name="x" spec="beast.core.parameter.RealParameter" upper="1.0">0.25</parameter>
#            <Dirichlet id="Dirichlet" name="distr">
#                <parameter dimension="4" id="RealParameter" lower="0.0" name="alpha" spec="beast.core.parameter.RealParameter" upper="0.0">10.0 10.0 10.0 10.0</parameter>
#            </Dirichlet>
#        </prior>
#        <prior id="GammaShapePrior.s:calsim" name="distribution">
#            <parameter id="gammaShape.s:calsim" name="x" spec="beast.core.parameter.RealParameter">1.0</parameter>
#            <Exponential id="Exponential.0" name="distr">
#                <parameter estimate="false" id="RealParameter.0" name="mean" spec="beast.core.parameter.RealParameter">1.0</parameter>
#            </Exponential>
#        </prior>
#        <prior id="KappaPrior.s:calsim" name="distribution">
#            <parameter id="kappa.s:calsim" lower="0.0" name="x" spec="beast.core.parameter.RealParameter">2.0</parameter>
#            <LogNormal id="LogNormalDistributionModel.1" name="distr">
#                <parameter estimate="false" id="RealParameter.7" name="M" spec="beast.core.parameter.RealParameter">1.0</parameter>
#                <parameter estimate="false" id="RealParameter.8" name="S" spec="beast.core.parameter.RealParameter">1.25</parameter>
#            </LogNormal>
#        </prior>
#        <prior id="ucldStdevPrior.c:calsim" name="distribution">
#            <parameter id="ucldStdev.c:calsim" lower="0.0" name="x" spec="beast.core.parameter.RealParameter">0.1</parameter>
#            <Gamma id="Gamma.2" name="distr">
#                <parameter estimate="false" id="RealParameter.10" name="alpha" spec="beast.core.parameter.RealParameter">0.5396</parameter>
#                <parameter estimate="false" id="RealParameter.11" name="beta" spec="beast.core.parameter.RealParameter">0.3819</parameter>
#            </Gamma>
#        </prior>
#    </distribution>
#    <distribution id="likelihood" spec="beast.core.util.CompoundDistribution" useThreads="true">
#        <distribution data="@calsim" id="treeLikelihood.calsim" spec="beast.evolution.likelihood.ThreadedTreeLikelihood" tree="@Tree.t:calsim">
#            <siteModel gammaCategoryCount="8" id="SiteModel.s:calsim" shape="@gammaShape.s:calsim" spec="beast.evolution.sitemodel.SiteModel">
#                <parameter estimate="false" id="mutationRate.s:calsim" name="mutationRate" spec="beast.core.parameter.RealParameter">1.0</parameter>
#                <substModel id="hky.s:calsim" kappa="@kappa.s:calsim" spec="beast.evolution.substitutionmodel.HKY">
#                    <frequencies frequencies="@freqParameter.s:calsim" id="estimatedFreqs.s:calsim" spec="beast.evolution.substitutionmodel.Frequencies"/>
#                </substModel>
#            </siteModel>
#            <branchRateModel id="RelaxedClock.c:calsim" spec="beast.evolution.branchratemodel.UCRelaxedClockModel" tree="@Tree.t:calsim">
#                <distr id="ApproxLogNormal" spec="beast.math.distributions.PiecewiseLinearDistribution">
#                    <LogNormal S="@ucldStdev.c:calsim" id="LogNormalDistributionModel.c:calsim" meanInRealSpace="true" name="distr">
#                        <parameter estimate="false" id="RealParameter.9" lower="0.0" name="M" spec="beast.core.parameter.RealParameter" upper="1.0">1.0</parameter>
#                    </LogNormal>
#                </distr>
#                <parameter dimension="22" id="rates.c:calsim" lower="0.0" name="rateQuantiles" spec="beast.core.parameter.RealParameter" upper="1.0">1.0</parameter>
#                <parameter estimate="false" id="ucldMean.c:calsim" name="clock.rate" spec="beast.core.parameter.RealParameter">1.0</parameter>
#            </branchRateModel>
#        </distribution>
#    </distribution>
#</input>
#
Sample	posterior	likelihood	prior	treeLikelihood.calsim	TreeHeight	gammaShape	kappa	ucldStdev	TipRates.estimated.taxon.1	TipRates.estimated.taxon.68	TipRates.estimated.taxon.51	TipRates.estimated.taxon.25	TipRates.estimated.taxon.80	TipRates.estimated.taxon.39	TipRates.estimated.taxon.33	TipRates.estimated.taxon.4	TipRates.estimated.taxon.73	TipRates.estimated.taxon.19	TipRates.estimated.taxon.90	TipRates.estimated.taxon.40	birthRate	freqParameter.1	freqParameter.2	freqParameter.3	freqParameter.4
0	-27713.939900439098	-27710.746724004617	-3.193176434482468	-27710.746724004617	1.4224132085788144	1.0	2.0	0.1	1.2145788729734726	1.1947336556116939	0.8899539049932849	0.9421809762147406	0.9912514559034751	0.994987350218071	0.9677416587254607	0.9391950498261913	0.9262342549567842	0.958373160722176	0.8922384345774299	1.1599061819065497	1.0	0.25	0.25	0.25	0.25
